Epoch 1/200 | Loss: 0.6924
Epoch 2/200 | Loss: 0.5995
Epoch 3/200 | Loss: 0.5894
Epoch 4/200 | Loss: 0.5905
Epoch 5/200 | Loss: 0.5865
Epoch 6/200 | Loss: 0.5846
Epoch 7/200 | Loss: 0.5762
Epoch 8/200 | Loss: 0.5752
Epoch 9/200 | Loss: 0.5717
Epoch 10/200 | Loss: 0.5708
Epoch 11/200 | Loss: 0.5708
Epoch 12/200 | Loss: 0.5631
Epoch 13/200 | Loss: 0.5587
Epoch 14/200 | Loss: 0.5609
Epoch 15/200 | Loss: 0.5697
Epoch 16/200 | Loss: 0.5547
Epoch 17/200 | Loss: 0.5563
Epoch 18/200 | Loss: 0.5636
Epoch 19/200 | Loss: 0.5551
Epoch 20/200 | Loss: 0.5614
Epoch 21/200 | Loss: 0.5518
Epoch 22/200 | Loss: 0.5561
Epoch 23/200 | Loss: 0.5547
Epoch 24/200 | Loss: 0.5542
Epoch 25/200 | Loss: 0.5536
Epoch 26/200 | Loss: 0.5477
Epoch 27/200 | Loss: 0.5497
Epoch 28/200 | Loss: 0.5525
Epoch 29/200 | Loss: 0.5519
Epoch 30/200 | Loss: 0.5584
Epoch 31/200 | Loss: 0.5472
Epoch 32/200 | Loss: 0.5517
Epoch 33/200 | Loss: 0.5441
Epoch 34/200 | Loss: 0.5486
Epoch 35/200 | Loss: 0.5475
Epoch 36/200 | Loss: 0.5434
Epoch 37/200 | Loss: 0.5431
Epoch 38/200 | Loss: 0.5510
Epoch 39/200 | Loss: 0.5406
Epoch 40/200 | Loss: 0.5429
Epoch 41/200 | Loss: 0.5350
Epoch 42/200 | Loss: 0.5407
Epoch 43/200 | Loss: 0.5387
Epoch 44/200 | Loss: 0.5431
Epoch 45/200 | Loss: 0.5399
Epoch 46/200 | Loss: 0.5426
Epoch 47/200 | Loss: 0.5371
Epoch 48/200 | Loss: 0.5394
Epoch 49/200 | Loss: 0.5396
Epoch 50/200 | Loss: 0.5449
Epoch 51/200 | Loss: 0.5360
Epoch 52/200 | Loss: 0.5382
Epoch 53/200 | Loss: 0.5339
Epoch 54/200 | Loss: 0.5338
Epoch 55/200 | Loss: 0.5322
Epoch 56/200 | Loss: 0.5422
Epoch 57/200 | Loss: 0.5401
Epoch 58/200 | Loss: 0.5392
Epoch 59/200 | Loss: 0.5366
Epoch 60/200 | Loss: 0.5312
Epoch 61/200 | Loss: 0.5318
Epoch 62/200 | Loss: 0.5336
Epoch 63/200 | Loss: 0.5329
Epoch 64/200 | Loss: 0.5314
Epoch 65/200 | Loss: 0.5312
Epoch 66/200 | Loss: 0.5292
Epoch 67/200 | Loss: 0.5348
Epoch 68/200 | Loss: 0.5345
Epoch 69/200 | Loss: 0.5311
Epoch 70/200 | Loss: 0.5296
Epoch 71/200 | Loss: 0.5345
Epoch 72/200 | Loss: 0.5293
Epoch 73/200 | Loss: 0.5296
Epoch 74/200 | Loss: 0.5283
Epoch 75/200 | Loss: 0.5272
Epoch 76/200 | Loss: 0.5320
Epoch 77/200 | Loss: 0.5269
Epoch 78/200 | Loss: 0.5285
Epoch 79/200 | Loss: 0.5250
Epoch 80/200 | Loss: 0.5377
Epoch 81/200 | Loss: 0.5269
Epoch 82/200 | Loss: 0.5317
Epoch 83/200 | Loss: 0.5290
Epoch 84/200 | Loss: 0.5298
Epoch 85/200 | Loss: 0.5220
Epoch 86/200 | Loss: 0.5224
Epoch 87/200 | Loss: 0.5240
Epoch 88/200 | Loss: 0.5280
Epoch 89/200 | Loss: 0.5211
Epoch 90/200 | Loss: 0.5258
Epoch 91/200 | Loss: 0.5216
Epoch 92/200 | Loss: 0.5198
Epoch 93/200 | Loss: 0.5192
Epoch 94/200 | Loss: 0.5126
Epoch 95/200 | Loss: 0.5168
Epoch 96/200 | Loss: 0.5264
Epoch 97/200 | Loss: 0.5183
Epoch 98/200 | Loss: 0.5140
Epoch 99/200 | Loss: 0.5245
Epoch 100/200 | Loss: 0.5200
Epoch 101/200 | Loss: 0.5209
Epoch 102/200 | Loss: 0.5242
Epoch 103/200 | Loss: 0.5181
Epoch 104/200 | Loss: 0.5155
Epoch 105/200 | Loss: 0.5197
Epoch 106/200 | Loss: 0.5198
Epoch 107/200 | Loss: 0.5196
Epoch 108/200 | Loss: 0.5180
Epoch 109/200 | Loss: 0.5122
Epoch 110/200 | Loss: 0.5173
Epoch 111/200 | Loss: 0.5191
Epoch 112/200 | Loss: 0.5133
Epoch 113/200 | Loss: 0.5165
Epoch 114/200 | Loss: 0.5181
Epoch 115/200 | Loss: 0.5116
Epoch 116/200 | Loss: 0.5152
Epoch 117/200 | Loss: 0.5171
Epoch 118/200 | Loss: 0.5122
Epoch 119/200 | Loss: 0.5163
Epoch 120/200 | Loss: 0.5243
Epoch 121/200 | Loss: 0.5148
Epoch 122/200 | Loss: 0.5150
Epoch 123/200 | Loss: 0.5092
Epoch 124/200 | Loss: 0.5222
Epoch 125/200 | Loss: 0.5090
Epoch 126/200 | Loss: 0.5169
Epoch 127/200 | Loss: 0.5173
Epoch 128/200 | Loss: 0.5129
Epoch 129/200 | Loss: 0.5140
Epoch 130/200 | Loss: 0.5131
Epoch 131/200 | Loss: 0.5168
Epoch 132/200 | Loss: 0.5158
Epoch 133/200 | Loss: 0.5139
Epoch 134/200 | Loss: 0.5154
Epoch 135/200 | Loss: 0.5125
Epoch 136/200 | Loss: 0.5093
Epoch 137/200 | Loss: 0.5160
Epoch 138/200 | Loss: 0.5080
Epoch 139/200 | Loss: 0.5098
Epoch 140/200 | Loss: 0.5171
Epoch 141/200 | Loss: 0.5101
Epoch 142/200 | Loss: 0.5115
Epoch 143/200 | Loss: 0.5131
Epoch 144/200 | Loss: 0.5167
Epoch 145/200 | Loss: 0.5088
Epoch 146/200 | Loss: 0.5131
Epoch 147/200 | Loss: 0.5072
Epoch 148/200 | Loss: 0.5161
Epoch 149/200 | Loss: 0.5116
Epoch 150/200 | Loss: 0.5080
Epoch 151/200 | Loss: 0.5114
Epoch 152/200 | Loss: 0.5039
Epoch 153/200 | Loss: 0.5126
Epoch 154/200 | Loss: 0.5076
Epoch 155/200 | Loss: 0.5110
Epoch 156/200 | Loss: 0.5106
Epoch 157/200 | Loss: 0.5078
Epoch 158/200 | Loss: 0.5090
Epoch 159/200 | Loss: 0.5114
Epoch 160/200 | Loss: 0.5008
Epoch 161/200 | Loss: 0.5090
Epoch 162/200 | Loss: 0.5092
Epoch 163/200 | Loss: 0.5033
Epoch 164/200 | Loss: 0.5093
Epoch 165/200 | Loss: 0.5046
Epoch 166/200 | Loss: 0.5117
Epoch 167/200 | Loss: 0.5114
Epoch 168/200 | Loss: 0.5013
Epoch 169/200 | Loss: 0.5117
Epoch 170/200 | Loss: 0.5064
Epoch 171/200 | Loss: 0.5070
Epoch 172/200 | Loss: 0.5063
Epoch 173/200 | Loss: 0.5073
Epoch 174/200 | Loss: 0.5058
Epoch 175/200 | Loss: 0.5066
Epoch 176/200 | Loss: 0.4987
Epoch 177/200 | Loss: 0.5042
Epoch 178/200 | Loss: 0.5040
Epoch 179/200 | Loss: 0.5070
Epoch 180/200 | Loss: 0.5029
Epoch 181/200 | Loss: 0.5055
Epoch 182/200 | Loss: 0.4985
Epoch 183/200 | Loss: 0.5043
Epoch 184/200 | Loss: 0.5002
Epoch 185/200 | Loss: 0.5014
Epoch 186/200 | Loss: 0.5001
Epoch 187/200 | Loss: 0.5077
Epoch 188/200 | Loss: 0.5098
Epoch 189/200 | Loss: 0.5072
Epoch 190/200 | Loss: 0.5019
Epoch 191/200 | Loss: 0.5034
Epoch 192/200 | Loss: 0.5032
Epoch 193/200 | Loss: 0.5012
Epoch 194/200 | Loss: 0.5049
Epoch 195/200 | Loss: 0.4991
Epoch 196/200 | Loss: 0.5007
Epoch 197/200 | Loss: 0.5035
Epoch 198/200 | Loss: 0.5065
Epoch 199/200 | Loss: 0.4993
Epoch 200/200 | Loss: 0.5025
Accuracy : 0.748332353071733
Precision: 0.7291812489418619
Recall   : 0.5208120743862589
F1 Score : 0.5686295869825225
IoU Score: 0.4253227397740864
